<?xml version="1.0" encoding="UTF-8"?>
<!-- Generated by org.testng.reporters.JUnitXMLReporter -->
<testsuite hostname="LAPTOP-L3ISM008" ignored="0" name="Test" tests="1" failures="0" timestamp="25 Jul 2018 18:36:25 GMT" time="0.062" errors="0">
  <testcase name="@BeforeClass confgBC" time="0.0" classname="com.acttime.genericlib.BaseClass">
    <failure type="org.testng.TestNGException" message="
Can inject only one of &amp;lt;ITestContext, XmlTest&amp;gt; into a @BeforeClass annotated confgBC.
For more information on native dependency injection please refer to http://testng.org/doc/documentation-main.html#native-dependency-injection">
      <![CDATA[org.testng.TestNGException: 
Can inject only one of <ITestContext, XmlTest> into a @BeforeClass annotated confgBC.
For more information on native dependency injection please refer to http://testng.org/doc/documentation-main.html#native-dependency-injection
... Removed 23 stack frames]]>
    </failure>
  </testcase> <!-- @BeforeClass confgBC -->
  <testcase name="@BeforeMethod confgBM" time="0.0" classname="com.acttime.genericlib.BaseClass">
    <skipped/>
  </testcase> <!-- @BeforeMethod confgBM -->
  <testcase name="@AfterMethod confgAM" time="0.0" classname="com.acttime.genericlib.BaseClass">
    <skipped/>
  </testcase> <!-- @AfterMethod confgAM -->
  <testcase name="@AfterClass confgAC" time="0.0" classname="com.acttime.genericlib.BaseClass">
    <skipped/>
  </testcase> <!-- @AfterClass confgAC -->
  <testcase name="createCustomerTest" time="0.0" classname="com.acttime.customerTest.CustmerTest">
    <skipped/>
  </testcase> <!-- createCustomerTest -->
</testsuite> <!-- Test -->
